<?xml version="1.0" encoding="UTF-8"?>
<!-- Generated by org.testng.reporters.JUnitReportReporter -->
<testsuite skipped="0" hostname="DESKTOP-A81D7TL" name="com.crm.vtiger.quoteTest.QuoteTS_42_V2" tests="1" failures="0" timestamp="06 Oct 2019 07:56:29 GMT" time="25.505" errors="0">
  <testcase name="quoteTest" time="25.505" classname="com.crm.vtiger.quoteTest.QuoteTS_42_V2"/>
</testsuite> <!-- com.crm.vtiger.quoteTest.QuoteTS_42_V2 -->
