<?xml version="1.0" encoding="UTF-8"?>
<!-- Generated by org.testng.reporters.JUnitReportReporter -->
<testsuite hostname="DESKTOP-A81D7TL" failures="0" tests="1" name="com.crm.vtiger.quoteTest.Test123" time="0.016" errors="0" timestamp="2019-09-10T12:49:01 IST" skipped="0">
  <testcase classname="com.crm.vtiger.quoteTest.Test123" name="m1" time="0.016"/>
</testsuite> <!-- com.crm.vtiger.quoteTest.Test123 -->
