<?xml version="1.0" encoding="UTF-8"?>
<!-- Generated by org.testng.reporters.JUnitReportReporter -->
<testsuite hostname="DESKTOP-A81D7TL" failures="0" tests="1" name="com.crm.vtiger.quoteTest.SampleTest" time="0.015" errors="0" timestamp="2019-09-10T16:03:13 IST" skipped="0">
  <testcase classname="com.crm.vtiger.quoteTest.SampleTest" name="customerTest" time="0.015"/>
</testsuite> <!-- com.crm.vtiger.quoteTest.SampleTest -->
